<?xml version="1.0" encoding="UTF-8"?>
<testsuite name="com.investment.assets.getAccountsTests" tests="2" skipped="0" failures="0" errors="0" timestamp="2025-09-08T07:51:46.839Z" hostname="modekooui-MacBookPro.local" time="0.684">
  <properties/>
  <testcase name="getAccounts()" classname="com.investment.assets.getAccountsTests" time="0.677"/>
  <testcase name="contextLoads()" classname="com.investment.assets.getAccountsTests" time="0.006"/>
  <system-out><![CDATA[16:51:45.358 [Test worker] INFO org.springframework.test.context.support.AnnotationConfigContextLoaderUtils -- Could not detect default configuration classes for test class [com.investment.assets.getAccountsTests]: getAccountsTests does not declare any static, non-private, non-final, nested classes annotated with @Configuration.
16:51:45.423 [Test worker] INFO org.springframework.boot.test.context.SpringBootTestContextBootstrapper -- Found @SpringBootConfiguration com.investment.assets.AssetsApplication for test class com.investment.assets.getAccountsTests

  .   ____          _            __ _ _
 /\\ / ___'_ __ _ _(_)_ __  __ _ \ \ \ \
( ( )\___ | '_ | '_| | '_ \/ _` | \ \ \ \
 \\/  ___)| |_)| | | | | || (_| |  ) ) ) )
  '  |____| .__|_| |_|_| |_\__, | / / / /
 =========|_|==============|___/=/_/_/_/

 :: Spring Boot ::                (v3.4.5)

2025-09-08T16:51:45.639+09:00  INFO 2718 --- [assets] [    Test worker] com.investment.assets.getAccountsTests   : Starting getAccountsTests using Java 21.0.7 with PID 2718 (started by modekoo in /Users/modekoo/project/assets)
2025-09-08T16:51:45.640+09:00 DEBUG 2718 --- [assets] [    Test worker] com.investment.assets.getAccountsTests   : Running with Spring Boot v3.4.5, Spring v6.2.6
2025-09-08T16:51:45.640+09:00  INFO 2718 --- [assets] [    Test worker] com.investment.assets.getAccountsTests   : No active profile set, falling back to 1 default profile: "default"
2025-09-08T16:51:45.660+09:00 DEBUG 2718 --- [assets] [    Test worker] o.s.w.c.s.GenericWebApplicationContext   : Refreshing org.springframework.web.context.support.GenericWebApplicationContext@65b66b08
2025-09-08T16:51:45.975+09:00  INFO 2718 --- [assets] [    Test worker] .s.d.r.c.RepositoryConfigurationDelegate : Multiple Spring Data modules found, entering strict repository configuration mode
2025-09-08T16:51:45.977+09:00  INFO 2718 --- [assets] [    Test worker] .s.d.r.c.RepositoryConfigurationDelegate : Bootstrapping Spring Data Redis repositories in DEFAULT mode.
2025-09-08T16:51:46.001+09:00  INFO 2718 --- [assets] [    Test worker] .s.d.r.c.RepositoryConfigurationDelegate : Finished Spring Data repository scanning in 10 ms. Found 0 Redis repository interfaces.
2025-09-08T16:51:46.323+09:00 DEBUG 2718 --- [assets] [    Test worker] s.w.s.m.m.a.RequestMappingHandlerMapping : 4 mappings in 'requestMappingHandlerMapping'
2025-09-08T16:51:46.368+09:00 DEBUG 2718 --- [assets] [    Test worker] o.s.w.s.handler.SimpleUrlHandlerMapping  : Patterns [/webjars/**, /**] in 'resourceHandlerMapping'
2025-09-08T16:51:46.446+09:00 DEBUG 2718 --- [assets] [    Test worker] s.w.s.m.m.a.RequestMappingHandlerAdapter : ControllerAdvice beans: 0 @ModelAttribute, 0 @InitBinder, 1 RequestBodyAdvice, 1 ResponseBodyAdvice
2025-09-08T16:51:46.470+09:00 DEBUG 2718 --- [assets] [    Test worker] .m.m.a.ExceptionHandlerExceptionResolver : ControllerAdvice beans: 0 @ExceptionHandler, 1 ResponseBodyAdvice
2025-09-08T16:51:46.538+09:00 ERROR 2718 --- [assets] [    Test worker] i.n.r.d.DnsServerAddressStreamProviders  : Unable to load io.netty.resolver.dns.macos.MacOSDnsServerAddressStreamProvider, fallback to system defaults. This may result in incorrect DNS resolutions on MacOS. Check whether you have a dependency on 'io.netty:netty-resolver-dns-native-macos'. Use DEBUG level to see the full stack: java.lang.UnsatisfiedLinkError: failed to load the required native library
2025-09-08T16:51:46.829+09:00  INFO 2718 --- [assets] [    Test worker] com.investment.assets.getAccountsTests   : Started getAccountsTests in 1.323 seconds (process running for 2.201)
2025-09-08T16:51:46.831+09:00 DEBUG 2718 --- [assets] [    Test worker] c.investment.assets.ApplicationStartUp   : accessKey = oA8y1RjUSPETrnhS8ry1FkRjwfXq1njm9Lviq3Sg
2025-09-08T16:51:46.831+09:00 DEBUG 2718 --- [assets] [    Test worker] c.investment.assets.ApplicationStartUp   : secretKey = ZaJxcqfPEC7JsgpXqIQf5TaZrAp5NjDx7eQS2Iav
2025-09-08T16:51:47.416+09:00 DEBUG 2718 --- [assets] [    Test worker] o.s.web.client.RestTemplate              : HTTP GET http://158.180.83.196/v1/accounts
2025-09-08T16:51:47.423+09:00 DEBUG 2718 --- [assets] [    Test worker] o.s.web.client.RestTemplate              : Accept=[text/plain, application/json, application/*+json, */*]
2025-09-08T16:51:47.502+09:00 DEBUG 2718 --- [assets] [    Test worker] o.s.web.client.RestTemplate              : Response 404 NOT_FOUND
2025-09-08T16:51:47.505+09:00 DEBUG 2718 --- [assets] [    Test worker] com.investment.assets.getAccountsTests   : status = 404 NOT_FOUND
]]></system-out>
  <system-err><![CDATA[Mockito is currently self-attaching to enable the inline-mock-maker. This will no longer work in future releases of the JDK. Please add Mockito as an agent to your build what is described in Mockito's documentation: https://javadoc.io/doc/org.mockito/mockito-core/latest/org/mockito/Mockito.html#0.3
WARNING: A Java agent has been loaded dynamically (/Users/modekoo/.gradle/caches/modules-2/files-2.1/net.bytebuddy/byte-buddy-agent/1.15.11/a38b16385e867f59a641330f0362ebe742788ed8/byte-buddy-agent-1.15.11.jar)
WARNING: If a serviceability tool is in use, please run with -XX:+EnableDynamicAgentLoading to hide this warning
WARNING: If a serviceability tool is not in use, please run with -Djdk.instrument.traceUsage for more information
WARNING: Dynamic loading of agents will be disallowed by default in a future release
]]></system-err>
</testsuite>
